<?xml version="1.0" encoding="UTF-8"?>
<testng-results ignored="0" total="3" passed="3" failed="0" skipped="0">
  <reporter-output>
  </reporter-output>
  <suite started-at="2020-11-09T08:49:20Z" name="TestExecutionSuite" finished-at="2020-11-09T08:51:01Z" duration-ms="100853">
    <groups>
    </groups>
    <test started-at="2020-11-09T08:49:20Z" name=" Send Email Test " finished-at="2020-11-09T08:51:01Z" duration-ms="100853">
      <class name="com.aconex.tests.AconexTestClass">
        <test-method is-config="true" signature="setUp()[pri:0, instance:com.aconex.tests.AconexTestClass@272113c4]" started-at="2020-11-09T08:49:20Z" name="setUp" finished-at="2020-11-09T08:49:32Z" duration-ms="11376" status="PASS">
          <reporter-output>
          </reporter-output>
        </test-method> <!-- setUp -->
        <test-method is-config="true" signature="beforeMethod(java.lang.reflect.Method)[pri:0, instance:com.aconex.tests.AconexTestClass@272113c4]" started-at="2020-11-09T08:49:32Z" name="beforeMethod" finished-at="2020-11-09T08:49:32Z" duration-ms="3" status="PASS">
          <params>
            <param index="0">
              <value>
                <![CDATA[public void com.aconex.tests.AconexTestClass.sendMail()]]>
              </value>
            </param>
          </params>
          <reporter-output>
          </reporter-output>
        </test-method> <!-- beforeMethod -->
        <test-method signature="sendMail()[pri:1, instance:com.aconex.tests.AconexTestClass@272113c4]" started-at="2020-11-09T08:49:32Z" name="sendMail" description="Testing send mail functionality" finished-at="2020-11-09T08:50:37Z" duration-ms="64985" status="PASS">
          <reporter-output>
          </reporter-output>
        </test-method> <!-- sendMail -->
        <test-method is-config="true" signature="beforeMethod(java.lang.reflect.Method)[pri:0, instance:com.aconex.tests.AconexTestClass@272113c4]" started-at="2020-11-09T08:50:37Z" name="beforeMethod" finished-at="2020-11-09T08:50:37Z" duration-ms="1" status="PASS">
          <params>
            <param index="0">
              <value>
                <![CDATA[public void com.aconex.tests.AconexTestClass.uploadNewDocument()]]>
              </value>
            </param>
          </params>
          <reporter-output>
          </reporter-output>
        </test-method> <!-- beforeMethod -->
        <test-method signature="uploadNewDocument()[pri:2, instance:com.aconex.tests.AconexTestClass@272113c4]" started-at="2020-11-09T08:50:37Z" name="uploadNewDocument" description="Upload New Document Functionality" finished-at="2020-11-09T08:50:49Z" duration-ms="12172" status="PASS">
          <reporter-output>
          </reporter-output>
        </test-method> <!-- uploadNewDocument -->
        <test-method is-config="true" signature="beforeMethod(java.lang.reflect.Method)[pri:0, instance:com.aconex.tests.AconexTestClass@272113c4]" started-at="2020-11-09T08:50:49Z" name="beforeMethod" finished-at="2020-11-09T08:50:49Z" duration-ms="1" status="PASS">
          <params>
            <param index="0">
              <value>
                <![CDATA[public void com.aconex.tests.AconexTestClass.saveTheSearch()]]>
              </value>
            </param>
          </params>
          <reporter-output>
          </reporter-output>
        </test-method> <!-- beforeMethod -->
        <test-method signature="saveTheSearch()[pri:3, instance:com.aconex.tests.AconexTestClass@272113c4]" started-at="2020-11-09T08:50:49Z" name="saveTheSearch" description="Save the search result" finished-at="2020-11-09T08:51:00Z" duration-ms="11291" status="PASS">
          <reporter-output>
          </reporter-output>
        </test-method> <!-- saveTheSearch -->
        <test-method is-config="true" signature="tearDown()[pri:0, instance:com.aconex.tests.AconexTestClass@272113c4]" started-at="2020-11-09T08:51:00Z" name="tearDown" finished-at="2020-11-09T08:51:01Z" duration-ms="933" status="PASS">
          <reporter-output>
          </reporter-output>
        </test-method> <!-- tearDown -->
      </class> <!-- com.aconex.tests.AconexTestClass -->
    </test> <!--  Send Email Test  -->
  </suite> <!-- TestExecutionSuite -->
</testng-results>
