<?xml version="1.0" encoding="UTF-8"?>
<!-- Generated by org.testng.reporters.JUnitXMLReporter -->
<testsuite ignored="0" hostname="LAPTOP-R1FIPK77" failures="0" tests="3" name=" Send Email Test " time="100.853" errors="0" timestamp="09 Nov 2020 08:51:02 GMT">
  <testcase classname="com.aconex.tests.AconexTestClass" name="sendMail" time="64.985"/>
  <testcase classname="com.aconex.tests.AconexTestClass" name="uploadNewDocument" time="12.172"/>
  <testcase classname="com.aconex.tests.AconexTestClass" name="saveTheSearch" time="11.291"/>
</testsuite> <!--  Send Email Test  -->
